<?xml version="1.0" encoding="UTF-8"?>
<testng-results skipped="0" failed="0" total="1" passed="1">
  <reporter-output>
  </reporter-output>
  <suite name="Default suite" duration-ms="11792" started-at="2017-05-19T11:59:44Z" finished-at="2017-05-19T11:59:56Z">
    <groups>
    </groups>
    <test name="Default test" duration-ms="11792" started-at="2017-05-19T11:59:44Z" finished-at="2017-05-19T11:59:56Z">
      <class name="com.salesforce.selenium.SampleTest">
        <test-method status="PASS" signature="test()[pri:0, instance:com.salesforce.selenium.SampleTest@225c6110]" name="test" duration-ms="11733" started-at="2017-05-19T17:29:44Z" finished-at="2017-05-19T17:29:56Z">
          <reporter-output>
          </reporter-output>
        </test-method> <!-- test -->
      </class> <!-- com.salesforce.selenium.SampleTest -->
    </test> <!-- Default test -->
  </suite> <!-- Default suite -->
</testng-results>
