<?xml version="1.0" encoding="UTF-8"?>
<testng-results skipped="0" failed="0" total="1" passed="1">
  <reporter-output>
  </reporter-output>
  <suite name="com.salesforce.selenium.SampleTest" duration-ms="10728" started-at="2017-05-23T10:50:21Z" finished-at="2017-05-23T10:50:32Z">
    <groups>
    </groups>
    <test name="Command line test" duration-ms="10728" started-at="2017-05-23T10:50:21Z" finished-at="2017-05-23T10:50:32Z">
      <class name="com.salesforce.selenium.SampleTest">
        <test-method status="PASS" signature="test()[pri:0, instance:com.salesforce.selenium.SampleTest@4c260132]" name="test" duration-ms="10698" started-at="2017-05-23T16:20:21Z" finished-at="2017-05-23T16:20:32Z">
          <reporter-output>
          </reporter-output>
        </test-method> <!-- test -->
      </class> <!-- com.salesforce.selenium.SampleTest -->
    </test> <!-- Command line test -->
  </suite> <!-- com.salesforce.selenium.SampleTest -->
</testng-results>
